.next/dev/types/validator.ts(71,39): error TS2306: File 'C:/Users/HPPAVILION/Documents/Shop_nextJs/my-app/app/(auth)/reset-password/page.tsx' is not a module.
.next/dev/types/validator.ts(80,39): error TS2306: File 'C:/Users/HPPAVILION/Documents/Shop_nextJs/my-app/app/(public)/cart/page.tsx' is not a module.
.next/dev/types/validator.ts(89,39): error TS2306: File 'C:/Users/HPPAVILION/Documents/Shop_nextJs/my-app/app/(public)/checkout/page.tsx' is not a module.
.next/dev/types/validator.ts(98,39): error TS2306: File 'C:/Users/HPPAVILION/Documents/Shop_nextJs/my-app/app/(public)/new-arrivals/page.tsx' is not a module.
.next/dev/types/validator.ts(116,39): error TS2306: File 'C:/Users/HPPAVILION/Documents/Shop_nextJs/my-app/app/(public)/product/[slug]/page.tsx' is not a module.
.next/dev/types/validator.ts(125,39): error TS2306: File 'C:/Users/HPPAVILION/Documents/Shop_nextJs/my-app/app/(public)/sale/page.tsx' is not a module.
.next/dev/types/validator.ts(134,39): error TS2306: File 'C:/Users/HPPAVILION/Documents/Shop_nextJs/my-app/app/(public)/streetwear/page.tsx' is not a module.
.next/dev/types/validator.ts(143,39): error TS2306: File 'C:/Users/HPPAVILION/Documents/Shop_nextJs/my-app/app/account/orders/page.tsx' is not a module.
.next/dev/types/validator.ts(152,39): error TS2306: File 'C:/Users/HPPAVILION/Documents/Shop_nextJs/my-app/app/account/profile/page.tsx' is not a module.
.next/dev/types/validator.ts(161,39): error TS2306: File 'C:/Users/HPPAVILION/Documents/Shop_nextJs/my-app/app/account/rewards/page.tsx' is not a module.
.next/dev/types/validator.ts(170,39): error TS2306: File 'C:/Users/HPPAVILION/Documents/Shop_nextJs/my-app/app/account/wishlist/page.tsx' is not a module.
.next/dev/types/validator.ts(179,39): error TS2306: File 'C:/Users/HPPAVILION/Documents/Shop_nextJs/my-app/app/admin/banners/page.tsx' is not a module.
.next/dev/types/validator.ts(188,39): error TS2306: File 'C:/Users/HPPAVILION/Documents/Shop_nextJs/my-app/app/admin/coupons/page.tsx' is not a module.
.next/dev/types/validator.ts(197,39): error TS2306: File 'C:/Users/HPPAVILION/Documents/Shop_nextJs/my-app/app/admin/customers/page.tsx' is not a module.
.next/dev/types/validator.ts(206,39): error TS2306: File 'C:/Users/HPPAVILION/Documents/Shop_nextJs/my-app/app/admin/dashboard/page.tsx' is not a module.
.next/dev/types/validator.ts(215,39): error TS2306: File 'C:/Users/HPPAVILION/Documents/Shop_nextJs/my-app/app/admin/inventory/page.tsx' is not a module.
.next/dev/types/validator.ts(224,39): error TS2306: File 'C:/Users/HPPAVILION/Documents/Shop_nextJs/my-app/app/admin/orders/page.tsx' is not a module.
.next/dev/types/validator.ts(233,39): error TS2306: File 'C:/Users/HPPAVILION/Documents/Shop_nextJs/my-app/app/admin/products/page.tsx' is not a module.
.next/dev/types/validator.ts(251,39): error TS2306: File 'C:/Users/HPPAVILION/Documents/Shop_nextJs/my-app/app/api/auth/callback/route.ts' is not a module.
.next/dev/types/validator.ts(260,39): error TS2306: File 'C:/Users/HPPAVILION/Documents/Shop_nextJs/my-app/app/api/revalidate/route.ts' is not a module.
.next/dev/types/validator.ts(269,39): error TS2306: File 'C:/Users/HPPAVILION/Documents/Shop_nextJs/my-app/app/api/webhook/stripe/route.ts' is not a module.
.next/dev/types/validator.ts(291,39): error TS2306: File 'C:/Users/HPPAVILION/Documents/Shop_nextJs/my-app/app/account/layout.tsx' is not a module.
.next/dev/types/validator.ts(300,39): error TS2306: File 'C:/Users/HPPAVILION/Documents/Shop_nextJs/my-app/app/admin/layout.tsx' is not a module.
.next/types/validator.ts(71,39): error TS2306: File 'C:/Users/HPPAVILION/Documents/Shop_nextJs/my-app/app/(auth)/reset-password/page.tsx' is not a module.
.next/types/validator.ts(80,39): error TS2306: File 'C:/Users/HPPAVILION/Documents/Shop_nextJs/my-app/app/(public)/cart/page.tsx' is not a module.
.next/types/validator.ts(89,39): error TS2306: File 'C:/Users/HPPAVILION/Documents/Shop_nextJs/my-app/app/(public)/checkout/page.tsx' is not a module.
.next/types/validator.ts(98,39): error TS2306: File 'C:/Users/HPPAVILION/Documents/Shop_nextJs/my-app/app/(public)/new-arrivals/page.tsx' is not a module.
.next/types/validator.ts(116,39): error TS2306: File 'C:/Users/HPPAVILION/Documents/Shop_nextJs/my-app/app/(public)/product/[slug]/page.tsx' is not a module.
.next/types/validator.ts(125,39): error TS2306: File 'C:/Users/HPPAVILION/Documents/Shop_nextJs/my-app/app/(public)/sale/page.tsx' is not a module.
.next/types/validator.ts(134,39): error TS2306: File 'C:/Users/HPPAVILION/Documents/Shop_nextJs/my-app/app/(public)/streetwear/page.tsx' is not a module.
.next/types/validator.ts(143,39): error TS2306: File 'C:/Users/HPPAVILION/Documents/Shop_nextJs/my-app/app/account/orders/page.tsx' is not a module.
.next/types/validator.ts(152,39): error TS2306: File 'C:/Users/HPPAVILION/Documents/Shop_nextJs/my-app/app/account/profile/page.tsx' is not a module.
.next/types/validator.ts(161,39): error TS2306: File 'C:/Users/HPPAVILION/Documents/Shop_nextJs/my-app/app/account/rewards/page.tsx' is not a module.
.next/types/validator.ts(170,39): error TS2306: File 'C:/Users/HPPAVILION/Documents/Shop_nextJs/my-app/app/account/wishlist/page.tsx' is not a module.
.next/types/validator.ts(179,39): error TS2306: File 'C:/Users/HPPAVILION/Documents/Shop_nextJs/my-app/app/admin/banners/page.tsx' is not a module.
.next/types/validator.ts(188,39): error TS2306: File 'C:/Users/HPPAVILION/Documents/Shop_nextJs/my-app/app/admin/coupons/page.tsx' is not a module.
.next/types/validator.ts(197,39): error TS2306: File 'C:/Users/HPPAVILION/Documents/Shop_nextJs/my-app/app/admin/customers/page.tsx' is not a module.
.next/types/validator.ts(206,39): error TS2306: File 'C:/Users/HPPAVILION/Documents/Shop_nextJs/my-app/app/admin/dashboard/page.tsx' is not a module.
.next/types/validator.ts(215,39): error TS2306: File 'C:/Users/HPPAVILION/Documents/Shop_nextJs/my-app/app/admin/inventory/page.tsx' is not a module.
.next/types/validator.ts(224,39): error TS2306: File 'C:/Users/HPPAVILION/Documents/Shop_nextJs/my-app/app/admin/orders/page.tsx' is not a module.
.next/types/validator.ts(233,39): error TS2306: File 'C:/Users/HPPAVILION/Documents/Shop_nextJs/my-app/app/admin/products/page.tsx' is not a module.
.next/types/validator.ts(251,39): error TS2306: File 'C:/Users/HPPAVILION/Documents/Shop_nextJs/my-app/app/api/auth/callback/route.ts' is not a module.
.next/types/validator.ts(260,39): error TS2306: File 'C:/Users/HPPAVILION/Documents/Shop_nextJs/my-app/app/api/revalidate/route.ts' is not a module.
.next/types/validator.ts(269,39): error TS2306: File 'C:/Users/HPPAVILION/Documents/Shop_nextJs/my-app/app/api/webhook/stripe/route.ts' is not a module.
.next/types/validator.ts(291,39): error TS2306: File 'C:/Users/HPPAVILION/Documents/Shop_nextJs/my-app/app/account/layout.tsx' is not a module.
.next/types/validator.ts(300,39): error TS2306: File 'C:/Users/HPPAVILION/Documents/Shop_nextJs/my-app/app/admin/layout.tsx' is not a module.
